header: 
  seq: 0
  stamp: 
    secs: 0
    nsecs:         0
  frame_id: ''
status: 
  status: 0
  service: 0
latitude: 0.0
longitude: 0.0
altitude: 0.0
position_covariance: [0.0, 0.0, 0.0, 0.0, 0.0, 0.0, 0.0, 0.0, 0.0]
position_covariance_type: 0header: 
  seq: 0
  stamp: 
    secs: 0
    nsecs:         0
  frame_id: ''
status: 
  status: 0
  service: 0
latitude: 0.0
longitude: 0.0
altitude: 0.0
position_covariance: [0.0, 0.0, 0.0, 0.0, 0.0, 0.0, 0.0, 0.0, 0.0]
position_covariance_type: 0header: 
  seq: 0
  stamp: 
    secs: 0
    nsecs:         0
  frame_id: ''
status: 
  status: 0
  service: 0
latitude: 0.0
longitude: 0.0
altitude: 0.0
position_covariance: [0.0, 0.0, 0.0, 0.0, 0.0, 0.0, 0.0, 0.0, 0.0]
position_covariance_type: 0header: 
  seq: 0
  stamp: 
    secs: 0
    nsecs:         0
  frame_id: ''
status: 
  status: 0
  service: 0
latitude: 0.0
longitude: 0.0
altitude: 0.0
position_covariance: [0.0, 0.0, 0.0, 0.0, 0.0, 0.0, 0.0, 0.0, 0.0]
position_covariance_type: 0header: 
  seq: 0
  stamp: 
    secs: 0
    nsecs:         0
  frame_id: ''
status: 
  status: 0
  service: 0
latitude: 0.0
longitude: 0.0
altitude: 0.0
position_covariance: [0.0, 0.0, 0.0, 0.0, 0.0, 0.0, 0.0, 0.0, 0.0]
position_covariance_type: 0header: 
  seq: 0
  stamp: 
    secs: 0
    nsecs:         0
  frame_id: ''
status: 
  status: 0
  service: 0
latitude: 0.0
longitude: 0.0
altitude: 0.0
position_covariance: [0.0, 0.0, 0.0, 0.0, 0.0, 0.0, 0.0, 0.0, 0.0]
position_covariance_type: 0header: 
  seq: 0
  stamp: 
    secs: 0
    nsecs:         0
  frame_id: ''
status: 
  status: 0
  service: 0
latitude: 0.0
longitude: 0.0
altitude: 0.0
position_covariance: [0.0, 0.0, 0.0, 0.0, 0.0, 0.0, 0.0, 0.0, 0.0]
position_covariance_type: 0header: 
  seq: 0
  stamp: 
    secs: 0
    nsecs:         0
  frame_id: ''
status: 
  status: 0
  service: 0
latitude: 0.0
longitude: 0.0
altitude: 0.0
position_covariance: [0.0, 0.0, 0.0, 0.0, 0.0, 0.0, 0.0, 0.0, 0.0]
position_covariance_type: 0header: 
  seq: 0
  stamp: 
    secs: 0
    nsecs:         0
  frame_id: ''
status: 
  status: 0
  service: 0
latitude: 0.0
longitude: 0.0
altitude: 0.0
position_covariance: [0.0, 0.0, 0.0, 0.0, 0.0, 0.0, 0.0, 0.0, 0.0]
position_covariance_type: 0header: 
  seq: 0
  stamp: 
    secs: 0
    nsecs:         0
  frame_id: ''
status: 
  status: 0
  service: 0
latitude: 0.0
longitude: 0.0
altitude: 0.0
position_covariance: [0.0, 0.0, 0.0, 0.0, 0.0, 0.0, 0.0, 0.0, 0.0]
position_covariance_type: 0header: 
  seq: 0
  stamp: 
    secs: 0
    nsecs:         0
  frame_id: ''
status: 
  status: 0
  service: 0
latitude: 0.0
longitude: 0.0
altitude: 0.0
position_covariance: [0.0, 0.0, 0.0, 0.0, 0.0, 0.0, 0.0, 0.0, 0.0]
position_covariance_type: 0header: 
  seq: 0
  stamp: 
    secs: 0
    nsecs:         0
  frame_id: ''
status: 
  status: 0
  service: 0
latitude: 0.0
longitude: 0.0
altitude: 0.0
position_covariance: [0.0, 0.0, 0.0, 0.0, 0.0, 0.0, 0.0, 0.0, 0.0]
position_covariance_type: 0header: 
  seq: 0
  stamp: 
    secs: 0
    nsecs:         0
  frame_id: ''
status: 
  status: 0
  service: 0
latitude: 0.0
longitude: 0.0
altitude: 0.0
position_covariance: [0.0, 0.0, 0.0, 0.0, 0.0, 0.0, 0.0, 0.0, 0.0]
position_covariance_type: 0header: 
  seq: 0
  stamp: 
    secs: 0
    nsecs:         0
  frame_id: ''
status: 
  status: 0
  service: 0
latitude: 0.0
longitude: 0.0
altitude: 0.0
position_covariance: [0.0, 0.0, 0.0, 0.0, 0.0, 0.0, 0.0, 0.0, 0.0]
position_covariance_type: 0header: 
  seq: 0
  stamp: 
    secs: 0
    nsecs:         0
  frame_id: ''
status: 
  status: 0
  service: 0
latitude: 0.0
longitude: 0.0
altitude: 0.0
position_covariance: [0.0, 0.0, 0.0, 0.0, 0.0, 0.0, 0.0, 0.0, 0.0]
position_covariance_type: 0header: 
  seq: 0
  stamp: 
    secs: 0
    nsecs:         0
  frame_id: ''
status: 
  status: 0
  service: 0
latitude: 0.0
longitude: 0.0
altitude: 0.0
position_covariance: [0.0, 0.0, 0.0, 0.0, 0.0, 0.0, 0.0, 0.0, 0.0]
position_covariance_type: 0header: 
  seq: 0
  stamp: 
    secs: 0
    nsecs:         0
  frame_id: ''
status: 
  status: 0
  service: 0
latitude: 0.0
longitude: 0.0
altitude: 0.0
position_covariance: [0.0, 0.0, 0.0, 0.0, 0.0, 0.0, 0.0, 0.0, 0.0]
position_covariance_type: 0header: 
  seq: 0
  stamp: 
    secs: 0
    nsecs:         0
  frame_id: ''
status: 
  status: 0
  service: 0
latitude: 0.0
longitude: 0.0
altitude: 0.0
position_covariance: [0.0, 0.0, 0.0, 0.0, 0.0, 0.0, 0.0, 0.0, 0.0]
position_covariance_type: 0header: 
  seq: 0
  stamp: 
    secs: 0
    nsecs:         0
  frame_id: ''
status: 
  status: 0
  service: 0
latitude: 0.0
longitude: 0.0
altitude: 0.0
position_covariance: [0.0, 0.0, 0.0, 0.0, 0.0, 0.0, 0.0, 0.0, 0.0]
position_covariance_type: 0header: 
  seq: 0
  stamp: 
    secs: 0
    nsecs:         0
  frame_id: ''
status: 
  status: 0
  service: 0
latitude: 0.0
longitude: 0.0
altitude: 0.0
position_covariance: [0.0, 0.0, 0.0, 0.0, 0.0, 0.0, 0.0, 0.0, 0.0]
position_covariance_type: 0header: 
  seq: 0
  stamp: 
    secs: 0
    nsecs:         0
  frame_id: ''
status: 
  status: 0
  service: 0
latitude: 0.0
longitude: 0.0
altitude: 0.0
position_covariance: [0.0, 0.0, 0.0, 0.0, 0.0, 0.0, 0.0, 0.0, 0.0]
position_covariance_type: 0header: 
  seq: 0
  stamp: 
    secs: 0
    nsecs:         0
  frame_id: ''
status: 
  status: 0
  service: 0
latitude: 0.0
longitude: 0.0
altitude: 0.0
position_covariance: [0.0, 0.0, 0.0, 0.0, 0.0, 0.0, 0.0, 0.0, 0.0]
position_covariance_type: 0header: 
  seq: 0
  stamp: 
    secs: 0
    nsecs:         0
  frame_id: ''
status: 
  status: 0
  service: 0
latitude: 0.0
longitude: 0.0
altitude: 0.0
position_covariance: [0.0, 0.0, 0.0, 0.0, 0.0, 0.0, 0.0, 0.0, 0.0]
position_covariance_type: 0header: 
  seq: 0
  stamp: 
    secs: 0
    nsecs:         0
  frame_id: ''
status: 
  status: 0
  service: 0
latitude: 0.0
longitude: 0.0
altitude: 0.0
position_covariance: [0.0, 0.0, 0.0, 0.0, 0.0, 0.0, 0.0, 0.0, 0.0]
position_covariance_type: 0header: 
  seq: 0
  stamp: 
    secs: 0
    nsecs:         0
  frame_id: ''
status: 
  status: 0
  service: 0
latitude: 0.0
longitude: 0.0
altitude: 0.0
position_covariance: [0.0, 0.0, 0.0, 0.0, 0.0, 0.0, 0.0, 0.0, 0.0]
position_covariance_type: 0header: 
  seq: 0
  stamp: 
    secs: 0
    nsecs:         0
  frame_id: ''
status: 
  status: 0
  service: 0
latitude: 0.0
longitude: 0.0
altitude: 0.0
position_covariance: [0.0, 0.0, 0.0, 0.0, 0.0, 0.0, 0.0, 0.0, 0.0]
position_covariance_type: 0header: 
  seq: 0
  stamp: 
    secs: 0
    nsecs:         0
  frame_id: ''
status: 
  status: 0
  service: 0
latitude: 0.0
longitude: 0.0
altitude: 0.0
position_covariance: [0.0, 0.0, 0.0, 0.0, 0.0, 0.0, 0.0, 0.0, 0.0]
position_covariance_type: 0header: 
  seq: 0
  stamp: 
    secs: 0
    nsecs:         0
  frame_id: ''
status: 
  status: 0
  service: 0
latitude: 0.0
longitude: 0.0
altitude: 0.0
position_covariance: [0.0, 0.0, 0.0, 0.0, 0.0, 0.0, 0.0, 0.0, 0.0]
position_covariance_type: 0header: 
  seq: 0
  stamp: 
    secs: 0
    nsecs:         0
  frame_id: ''
status: 
  status: 0
  service: 0
latitude: 0.0
longitude: 0.0
altitude: 0.0
position_covariance: [0.0, 0.0, 0.0, 0.0, 0.0, 0.0, 0.0, 0.0, 0.0]
position_covariance_type: 0header: 
  seq: 0
  stamp: 
    secs: 0
    nsecs:         0
  frame_id: ''
status: 
  status: 0
  service: 0
latitude: 0.0
longitude: 0.0
altitude: 0.0
position_covariance: [0.0, 0.0, 0.0, 0.0, 0.0, 0.0, 0.0, 0.0, 0.0]
position_covariance_type: 0header: 
  seq: 0
  stamp: 
    secs: 0
    nsecs:         0
  frame_id: ''
status: 
  status: 0
  service: 0
latitude: 0.0
longitude: 0.0
altitude: 0.0
position_covariance: [0.0, 0.0, 0.0, 0.0, 0.0, 0.0, 0.0, 0.0, 0.0]
position_covariance_type: 0header: 
  seq: 0
  stamp: 
    secs: 0
    nsecs:         0
  frame_id: ''
status: 
  status: 0
  service: 0
latitude: 0.0
longitude: 0.0
altitude: 0.0
position_covariance: [0.0, 0.0, 0.0, 0.0, 0.0, 0.0, 0.0, 0.0, 0.0]
position_covariance_type: 0header: 
  seq: 0
  stamp: 
    secs: 0
    nsecs:         0
  frame_id: ''
status: 
  status: 0
  service: 0
latitude: 0.0
longitude: 0.0
altitude: 0.0
position_covariance: [0.0, 0.0, 0.0, 0.0, 0.0, 0.0, 0.0, 0.0, 0.0]
position_covariance_type: 0header: 
  seq: 0
  stamp: 
    secs: 0
    nsecs:         0
  frame_id: ''
status: 
  status: 0
  service: 0
latitude: 0.0
longitude: 0.0
altitude: 0.0
position_covariance: [0.0, 0.0, 0.0, 0.0, 0.0, 0.0, 0.0, 0.0, 0.0]
position_covariance_type: 0